[2021-04-08T13:05:59.792] [FATAL] cheese - connected to database, app listening on port 3003
[2021-04-08T13:06:13.484] [FATAL] cheese - connected to database, app listening on port 3003
[2021-04-08T13:06:58.797] [FATAL] cheese - connected to database, app listening on port 3003
[2021-04-08T13:07:40.847] [FATAL] cheese - /Users/Register
[2021-04-08T13:07:40.848] [FATAL] cheese - {"data":{"email":"sam@gmail.com","password":"password"}}
[2021-04-08T13:07:41.638] [FATAL] cheese - {"data":{"message":"User registered. Please login"},"status":{"errorCode":"SUCCESS"}}
[2021-04-08T13:08:45.678] [FATAL] cheese - connected to database, app listening on port 3003
[2021-04-08T13:08:58.324] [FATAL] cheese - connected to database, app listening on port 3003
[2021-04-08T13:08:59.365] [FATAL] cheese - /Users/Register
[2021-04-08T13:08:59.365] [FATAL] cheese - {"data":{"email":"sam@gmail.com","password":"password"}}
[2021-04-08T13:08:59.663] [FATAL] cheese - {"data":{"message":"User already exist."},"status":{"errorCode":"SUCCESS"}}
[2021-04-08T13:09:36.472] [FATAL] cheese - /Users/Register
[2021-04-08T13:09:36.473] [FATAL] cheese - {"data":{"email":"sam1@gmail.com","name":"name","password":"password"}}
[2021-04-08T13:09:37.125] [FATAL] cheese - {"data":{"message":"User registered. Please login"},"status":{"errorCode":"SUCCESS"}}
[2021-04-08T13:10:29.039] [FATAL] cheese - connected to database, app listening on port 3003
[2021-04-08T13:11:01.946] [FATAL] cheese - connected to database, app listening on port 3003
[2021-04-08T13:11:35.997] [FATAL] cheese - /Users/Login
[2021-04-08T13:11:35.998] [FATAL] cheese - {"data":{"email":"sam1@gmail.com","name":"name","password":"password"}}
[2021-04-08T13:11:36.285] [FATAL] cheese - {"data":{"access_token":"eyJhbGciOiJIUzI1NiIsInR5cCI6IkpXVCJ9.eyJ1c2VyX2lkIjoiNjA2ZWIzMzhiMzJhNGEzNDdjYTNlMDZjIiwiaWF0IjoxNjE3ODY3Njk2fQ.C9JmxOeT8qsg43eahtZSkKCHykh5mJKkybA25TUZQfQ"},"status":{"errorCode":"SUCCESS"}}
[2021-04-08T13:12:28.158] [FATAL] cheese - connected to database, app listening on port 3003
[2021-04-08T13:12:44.271] [FATAL] cheese - connected to database, app listening on port 3003
[2021-04-08T13:14:00.397] [FATAL] cheese - /Blogs/GetUniversities/1.0.0
[2021-04-08T13:14:00.398] [FATAL] cheese - {"data":{"email":"sam1@gmail.com","name":"name","password":"password"}}
[2021-04-08T13:14:00.407] [FATAL] cheese - Unauthorized
[2021-04-08T13:14:21.108] [FATAL] cheese - connected to database, app listening on port 3003
[2021-04-08T13:14:21.665] [FATAL] cheese - /Blogs/GetUniversities/1.0.0
[2021-04-08T13:14:21.665] [FATAL] cheese - {"data":{"email":"sam1@gmail.com","name":"name","password":"password"}}
[2021-04-08T13:14:21.677] [FATAL] cheese - {"data":{},"status":{"errorCode":"FAILED"}}
[2021-04-08T13:14:34.429] [FATAL] cheese - connected to database, app listening on port 3003
[2021-04-08T13:14:45.021] [FATAL] cheese - connected to database, app listening on port 3003
[2021-04-08T13:16:24.443] [FATAL] cheese - connected to database, app listening on port 3003
[2021-04-08T13:16:27.051] [FATAL] cheese - connected to database, app listening on port 3003
[2021-04-08T13:16:36.517] [FATAL] cheese - connected to database, app listening on port 3003
[2021-04-08T13:18:48.717] [FATAL] cheese - connected to database, app listening on port 3003
[2021-04-08T13:18:59.730] [FATAL] cheese - connected to database, app listening on port 3003
[2021-04-08T13:19:13.922] [FATAL] cheese - connected to database, app listening on port 3003
[2021-04-08T13:19:36.290] [FATAL] cheese - connected to database, app listening on port 3003
[2021-04-08T13:19:41.108] [FATAL] cheese - connected to database, app listening on port 3003
[2021-04-08T13:19:49.152] [FATAL] cheese - connected to database, app listening on port 3003
[2021-04-08T13:19:59.711] [FATAL] cheese - connected to database, app listening on port 3003
[2021-04-08T13:20:18.034] [FATAL] cheese - connected to database, app listening on port 3003
[2021-04-08T13:21:02.923] [FATAL] cheese - connected to database, app listening on port 3003
[2021-04-08T13:21:22.001] [FATAL] cheese - connected to database, app listening on port 3003
[2021-04-08T13:21:35.637] [FATAL] cheese - connected to database, app listening on port 3003
[2021-04-08T13:22:13.942] [FATAL] cheese - connected to database, app listening on port 3003
[2021-04-08T13:22:28.649] [FATAL] cheese - connected to database, app listening on port 3003
[2021-04-08T13:22:34.150] [FATAL] cheese - connected to database, app listening on port 3003
[2021-04-08T13:22:54.266] [FATAL] cheese - connected to database, app listening on port 3003
[2021-04-08T13:23:09.963] [FATAL] cheese - connected to database, app listening on port 3003
[2021-04-08T13:23:17.350] [FATAL] cheese - connected to database, app listening on port 3003
[2021-04-08T13:23:54.542] [FATAL] cheese - connected to database, app listening on port 3003
[2021-04-08T13:24:41.849] [FATAL] cheese - connected to database, app listening on port 3003
[2021-04-08T13:26:24.900] [FATAL] cheese - connected to database, app listening on port 3003
[2021-04-08T13:26:59.230] [FATAL] cheese - connected to database, app listening on port 3003
[2021-04-08T13:27:09.877] [FATAL] cheese - connected to database, app listening on port 3003
[2021-04-08T13:27:51.375] [FATAL] cheese - connected to database, app listening on port 3003
[2021-04-08T13:27:57.354] [FATAL] cheese - connected to database, app listening on port 3003
[2021-04-08T13:29:12.006] [FATAL] cheese - /Blogs/AddBlog/1.0.0
[2021-04-08T13:29:12.006] [FATAL] cheese - {"data":{"title":"it is first blog","description":"it is first blog description"}}
[2021-04-08T13:29:12.309] [FATAL] cheese - {"data":{},"status":{"errorCode":"SUCCESS"}}
[2021-04-08T13:30:55.268] [FATAL] cheese - connected to database, app listening on port 3003
[2021-04-08T13:31:41.035] [FATAL] cheese - connected to database, app listening on port 3003
[2021-04-08T13:31:43.989] [FATAL] cheese - /Blogs/AddBlog/1.0.0
[2021-04-08T13:31:43.989] [FATAL] cheese - {"data":{"title":"it is first blog","description":"it is first blog description"}}
[2021-04-08T13:31:44.307] [FATAL] cheese - {"data":{},"status":{"errorCode":"SUCCESS"}}
[2021-04-08T13:31:55.768] [FATAL] cheese - /Blogs/AddBlog/1.0.0
[2021-04-08T13:31:55.769] [FATAL] cheese - {"data":{"title":"it is first blog","description":"it is first blog description"}}
[2021-04-08T13:31:55.771] [FATAL] cheese - {"data":{},"status":{"errorCode":"access_denied"}}
[2021-04-08T13:32:04.215] [FATAL] cheese - /Blogs/AddBlog/1.0.0
[2021-04-08T13:32:04.215] [FATAL] cheese - {"data":{"title":"it is first blog","description":"it is first blog description"}}
[2021-04-08T13:32:04.218] [FATAL] cheese - {"data":{},"status":{"errorCode":"access_denied"}}
[2021-04-08T13:32:08.846] [FATAL] cheese - /Blogs/AddBlog/1.0.0
[2021-04-08T13:32:08.847] [FATAL] cheese - {"data":{"title":"it is first blog","description":"it is first blog description"}}
[2021-04-08T13:32:09.116] [FATAL] cheese - {"data":{},"status":{"errorCode":"SUCCESS"}}
[2021-04-08T13:32:48.126] [FATAL] cheese - /Blogs/AddBlog/1.0.0
[2021-04-08T13:32:48.127] [FATAL] cheese - {"data":{"title":"it is first blog","description":"it is first blog description"}}
[2021-04-08T13:32:48.403] [FATAL] cheese - {"data":{},"status":{"errorCode":"SUCCESS"}}
[2021-04-08T13:32:53.501] [FATAL] cheese - /Blogs/AddBlog/1.0.0
[2021-04-08T13:32:53.501] [FATAL] cheese - {"data":{"title":"it is first blog","description":"it is first blog description"}}
[2021-04-08T13:32:53.510] [FATAL] cheese - {"data":{},"status":{"errorCode":"access_denied"}}
[2021-04-08T13:33:28.246] [FATAL] cheese - /Blogs/GetBlog/1.0.0
[2021-04-08T13:33:28.246] [FATAL] cheese - {"data":{"title":"it is first blog","description":"it is first blog description"}}
[2021-04-08T13:33:28.248] [FATAL] cheese - {"data":{},"status":{"errorCode":"access_denied"}}
[2021-04-08T13:33:43.106] [FATAL] cheese - /Blogs/AddBlog/1.0.0
[2021-04-08T13:33:43.106] [FATAL] cheese - {"data":{"title":"it is first blog","description":"it is first blog description"}}
[2021-04-08T13:33:43.108] [FATAL] cheese - {"data":{},"status":{"errorCode":"access_denied"}}
[2021-04-08T13:33:50.309] [FATAL] cheese - /Blogs/AddBlog/1.0.0
[2021-04-08T13:33:50.309] [FATAL] cheese - {"data":{"title":"it is first blog","description":"it is first blog description"}}
[2021-04-08T13:33:50.578] [FATAL] cheese - {"data":{},"status":{"errorCode":"SUCCESS"}}
[2021-04-08T13:33:59.003] [FATAL] cheese - /Blogs/GetBlog/1.0.0
[2021-04-08T13:33:59.003] [FATAL] cheese - {"data":{"title":"it is first blog","description":"it is first blog description"}}
[2021-04-08T13:33:59.006] [FATAL] cheese - {"error":{"message":"Not found"}}
[2021-04-08T13:34:18.445] [FATAL] cheese - /Blogs/GetBlog/1.0.0
[2021-04-08T13:34:18.445] [FATAL] cheese - {"data":{}}
[2021-04-08T13:34:18.447] [FATAL] cheese - {"error":{"message":"Not found"}}
[2021-04-08T13:34:25.135] [FATAL] cheese - connected to database, app listening on port 3003
[2021-04-08T13:34:31.782] [FATAL] cheese - /Blogs/GetBlog/1.0.0
[2021-04-08T13:34:31.783] [FATAL] cheese - {"data":{}}
[2021-04-08T13:34:31.790] [FATAL] cheese - {"error":{"message":"Not found"}}
[2021-04-08T13:35:10.279] [FATAL] cheese - connected to database, app listening on port 3003
[2021-04-08T13:35:20.014] [FATAL] cheese - /Blogs/GetBlog/1.0.0
[2021-04-08T13:35:20.015] [FATAL] cheese - {"data":{}}
[2021-04-08T13:35:20.022] [FATAL] cheese - {"error":{"message":"Not found"}}
[2021-04-08T13:35:24.616] [FATAL] cheese - /Blogs/GetBlog/1.0.0
[2021-04-08T13:35:24.616] [FATAL] cheese - {"data":{}}
[2021-04-08T13:35:24.620] [FATAL] cheese - {"error":{"message":"Not found"}}
[2021-04-08T13:35:43.677] [FATAL] cheese - /Blogs/GetBlog/1.0.0
[2021-04-08T13:35:43.677] [FATAL] cheese - {}
[2021-04-08T13:35:43.968] [FATAL] cheese - {"data":{"undefined":[{"_id":"606eb86787043209ece8b3ce","title":"it is first blog","bloger_id":"606eb338b32a4a347ca3e06c","description":"it is first blog description","created_at":"2021-04-08T08:01:43.996Z","bloger_info":[{}]},{"_id":"606eb88087043209ece8b3cf","title":"it is first blog","bloger_id":"606eb338b32a4a347ca3e06c","description":"it is first blog description","created_at":"2021-04-08T08:02:08.850Z","bloger_info":[{}]},{"_id":"606eb8a887043209ece8b3d0","title":"it is first blog","bloger_id":"606eb338b32a4a347ca3e06c","description":"it is first blog description","created_at":"2021-04-08T08:02:48.129Z","bloger_info":[{}]},{"_id":"606eb8e687043209ece8b3d1","title":"it is first blog","bloger_id":"606eb338b32a4a347ca3e06c","description":"it is first blog description","created_at":"2021-04-08T08:03:50.311Z","bloger_info":[{}]}]},"status":{"errorCode":"SUCCESS"}}
[2021-04-08T13:36:12.857] [FATAL] cheese - connected to database, app listening on port 3003
[2021-04-08T13:38:24.192] [FATAL] cheese - connected to database, app listening on port 3003
[2021-04-08T13:38:28.139] [FATAL] cheese - /Blogs/GetBlog/1.0.0
[2021-04-08T13:38:28.139] [FATAL] cheese - {}
[2021-04-08T13:38:28.441] [FATAL] cheese - {"data":{"undefined":[{"_id":"606eb86787043209ece8b3ce","title":"it is first blog","bloger_id":"606eb338b32a4a347ca3e06c","description":"it is first blog description","created_at":"2021-04-08T08:01:43.996Z","bloger_info":[{"name":"name"}]},{"_id":"606eb88087043209ece8b3cf","title":"it is first blog","bloger_id":"606eb338b32a4a347ca3e06c","description":"it is first blog description","created_at":"2021-04-08T08:02:08.850Z","bloger_info":[{"name":"name"}]},{"_id":"606eb8a887043209ece8b3d0","title":"it is first blog","bloger_id":"606eb338b32a4a347ca3e06c","description":"it is first blog description","created_at":"2021-04-08T08:02:48.129Z","bloger_info":[{"name":"name"}]},{"_id":"606eb8e687043209ece8b3d1","title":"it is first blog","bloger_id":"606eb338b32a4a347ca3e06c","description":"it is first blog description","created_at":"2021-04-08T08:03:50.311Z","bloger_info":[{"name":"name"}]}]},"status":{"errorCode":"SUCCESS"}}
[2021-04-08T13:39:08.385] [FATAL] cheese - /Blogs/GetBlog/1.0.0
[2021-04-08T13:39:08.385] [FATAL] cheese - {}
[2021-04-08T13:39:08.654] [FATAL] cheese - {"data":{"undefined":[{"_id":"606eb86787043209ece8b3ce","title":"it is first blog","bloger_id":"606eb338b32a4a347ca3e06c","description":"it is first blog description","created_at":"2021-04-08T08:01:43.996Z","bloger_info":[{"name":"my name name"}]},{"_id":"606eb88087043209ece8b3cf","title":"it is first blog","bloger_id":"606eb338b32a4a347ca3e06c","description":"it is first blog description","created_at":"2021-04-08T08:02:08.850Z","bloger_info":[{"name":"my name name"}]},{"_id":"606eb8a887043209ece8b3d0","title":"it is first blog","bloger_id":"606eb338b32a4a347ca3e06c","description":"it is first blog description","created_at":"2021-04-08T08:02:48.129Z","bloger_info":[{"name":"my name name"}]},{"_id":"606eb8e687043209ece8b3d1","title":"it is first blog","bloger_id":"606eb338b32a4a347ca3e06c","description":"it is first blog description","created_at":"2021-04-08T08:03:50.311Z","bloger_info":[{"name":"my name name"}]}]},"status":{"errorCode":"SUCCESS"}}
[2021-04-08T13:39:38.061] [FATAL] cheese - connected to database, app listening on port 3003
[2021-04-08T13:44:53.994] [FATAL] cheese - connected to database, app listening on port 3003
[2021-04-08T13:45:07.185] [FATAL] cheese - connected to database, app listening on port 3003
[2021-04-08T13:45:35.801] [FATAL] cheese - connected to database, app listening on port 3003
[2021-04-08T13:45:35.954] [FATAL] cheese - /Blogs/GetBlog/1.0.0
[2021-04-08T13:45:35.954] [FATAL] cheese - {}
[2021-04-08T13:45:36.253] [FATAL] cheese - {"data":{"blogs":[{"title":"it is first blog","description":"it is first blog description","created_at":"2021-04-08T08:01:43.996Z","bloger":"my name name"},{"title":"it is first blog","description":"it is first blog description","created_at":"2021-04-08T08:02:08.850Z","bloger":"my name name"},{"title":"it is first blog","description":"it is first blog description","created_at":"2021-04-08T08:02:48.129Z","bloger":"my name name"},{"title":"it is first blog","description":"it is first blog description","created_at":"2021-04-08T08:03:50.311Z","bloger":"my name name"}]},"status":{"errorCode":"SUCCESS"}}
[2021-04-08T13:45:53.114] [FATAL] cheese - connected to database, app listening on port 3003
[2021-04-08T13:45:59.699] [FATAL] cheese - connected to database, app listening on port 3003
[2021-04-08T13:46:05.962] [FATAL] cheese - connected to database, app listening on port 3003
[2021-04-08T14:58:24.833] [FATAL] cheese - /[object%20Object]
[2021-04-08T14:58:24.835] [FATAL] cheese - {}
[2021-04-08T14:58:24.842] [FATAL] cheese - {}
[2021-04-08T14:58:24.880] [FATAL] cheese - /[object%20Object]
[2021-04-08T14:58:24.880] [FATAL] cheese - {}
[2021-04-08T14:58:24.881] [FATAL] cheese - {"error":{"message":"Not found"}}
[2021-04-08T14:59:30.447] [FATAL] cheese - /
[2021-04-08T14:59:30.447] [FATAL] cheese - {}
[2021-04-08T14:59:30.447] [FATAL] cheese - {}
[2021-04-08T14:59:30.455] [FATAL] cheese - /
[2021-04-08T14:59:30.455] [FATAL] cheese - {"data":{"email":"sam1@gmail.com","password":"password"}}
[2021-04-08T14:59:30.455] [FATAL] cheese - {"error":{"message":"Not found"}}
[2021-04-08T15:00:06.508] [FATAL] cheese - /
[2021-04-08T15:00:06.508] [FATAL] cheese - {}
[2021-04-08T15:00:06.509] [FATAL] cheese - {}
[2021-04-08T15:00:06.515] [FATAL] cheese - /
[2021-04-08T15:00:06.515] [FATAL] cheese - {"data":{"email":"sam1@gmail.com","password":"password"}}
[2021-04-08T15:00:06.515] [FATAL] cheese - {"error":{"message":"Not found"}}
[2021-04-08T15:00:25.711] [FATAL] cheese - /Users/Login
[2021-04-08T15:00:25.711] [FATAL] cheese - {"data":{"email":"sam1@gmail.com","name":"name","password":"password"}}
[2021-04-08T15:00:25.993] [FATAL] cheese - {"data":{"access_token":"eyJhbGciOiJIUzI1NiIsInR5cCI6IkpXVCJ9.eyJ1c2VyX2lkIjoiNjA2ZWIzMzhiMzJhNGEzNDdjYTNlMDZjIiwiaWF0IjoxNjE3ODc0MjI1fQ.96NAdqYYeH6Ag55at6oxRpg4z-vorAYzQhwElugvcyM"},"status":{"errorCode":"SUCCESS"}}
[2021-04-08T15:01:56.587] [FATAL] cheese - /Users/Login
[2021-04-08T15:01:56.587] [FATAL] cheese - {}
[2021-04-08T15:01:56.587] [FATAL] cheese - {}
[2021-04-08T15:01:56.593] [FATAL] cheese - /Users/Login
[2021-04-08T15:01:56.593] [FATAL] cheese - {"data":{"email":"sam1@gmail.com","password":"password"}}
[2021-04-08T15:01:56.859] [FATAL] cheese - {"data":{"access_token":"eyJhbGciOiJIUzI1NiIsInR5cCI6IkpXVCJ9.eyJ1c2VyX2lkIjoiNjA2ZWIzMzhiMzJhNGEzNDdjYTNlMDZjIiwiaWF0IjoxNjE3ODc0MzE2fQ.45xsicr9kQhANZv40tRoIlCzplXXKqrPPU8fXdXwd3w"},"status":{"errorCode":"SUCCESS"}}
[2021-04-08T15:02:51.703] [FATAL] cheese - /Users/Login
[2021-04-08T15:02:51.703] [FATAL] cheese - {}
[2021-04-08T15:02:51.704] [FATAL] cheese - {}
[2021-04-08T15:02:51.710] [FATAL] cheese - /Users/Login
[2021-04-08T15:02:51.710] [FATAL] cheese - {"data":{"email":"sam1@gmail.com","password":"password"}}
[2021-04-08T15:02:51.975] [FATAL] cheese - {"data":{"access_token":"eyJhbGciOiJIUzI1NiIsInR5cCI6IkpXVCJ9.eyJ1c2VyX2lkIjoiNjA2ZWIzMzhiMzJhNGEzNDdjYTNlMDZjIiwiaWF0IjoxNjE3ODc0MzcxfQ.tdoWPVC2EZSiJz0XVOcyy4oiJUe9LclRRR5ihL_f_iU"},"status":{"errorCode":"SUCCESS"}}
[2021-04-08T15:04:32.924] [FATAL] cheese - /Users/Login
[2021-04-08T15:04:32.924] [FATAL] cheese - {}
[2021-04-08T15:04:32.924] [FATAL] cheese - {}
[2021-04-08T15:04:32.929] [FATAL] cheese - /Users/Login
[2021-04-08T15:04:32.930] [FATAL] cheese - {"data":{"email":"sam1@gmail.com","password":"password"}}
[2021-04-08T15:04:33.192] [FATAL] cheese - {"data":{"access_token":"eyJhbGciOiJIUzI1NiIsInR5cCI6IkpXVCJ9.eyJ1c2VyX2lkIjoiNjA2ZWIzMzhiMzJhNGEzNDdjYTNlMDZjIiwiaWF0IjoxNjE3ODc0NDczfQ.xHKenO7TnV_1TbwaBoi1ylmxYTfjJvWVOairD5qfB6A"},"status":{"errorCode":"SUCCESS"}}
[2021-04-08T15:04:54.358] [FATAL] cheese - /Users/Login
[2021-04-08T15:04:54.358] [FATAL] cheese - {}
[2021-04-08T15:04:54.358] [FATAL] cheese - {}
[2021-04-08T15:04:54.364] [FATAL] cheese - /Users/Login
[2021-04-08T15:04:54.364] [FATAL] cheese - {"data":{"email":"sam1@gmail.com","password":"password"}}
[2021-04-08T15:04:54.626] [FATAL] cheese - {"data":{"access_token":"eyJhbGciOiJIUzI1NiIsInR5cCI6IkpXVCJ9.eyJ1c2VyX2lkIjoiNjA2ZWIzMzhiMzJhNGEzNDdjYTNlMDZjIiwiaWF0IjoxNjE3ODc0NDk0fQ.jzAADDUVgYO9f2JXMLLTUDwcRKxmIoi2H1cnI4ehxY0"},"status":{"errorCode":"SUCCESS"}}
[2021-04-08T15:04:55.831] [FATAL] cheese - /Users/Login
[2021-04-08T15:04:55.831] [FATAL] cheese - {"data":{"email":"sam1@gmail.com","password":"password"}}
[2021-04-08T15:04:56.096] [FATAL] cheese - {"data":{"access_token":"eyJhbGciOiJIUzI1NiIsInR5cCI6IkpXVCJ9.eyJ1c2VyX2lkIjoiNjA2ZWIzMzhiMzJhNGEzNDdjYTNlMDZjIiwiaWF0IjoxNjE3ODc0NDk2fQ.FQWL2tMKTkSuPcqxH4iLVw6Fz3Ks4ul-eBWxHrkHTHY"},"status":{"errorCode":"SUCCESS"}}
[2021-04-08T15:11:41.829] [FATAL] cheese - /Users/Login
[2021-04-08T15:11:41.829] [FATAL] cheese - {}
[2021-04-08T15:11:41.829] [FATAL] cheese - {}
[2021-04-08T15:11:41.835] [FATAL] cheese - /Users/Login
[2021-04-08T15:11:41.835] [FATAL] cheese - {"data":{"email":"sam1@gmail.com","password":"password"}}
[2021-04-08T15:11:42.096] [FATAL] cheese - {"data":{"access_token":"eyJhbGciOiJIUzI1NiIsInR5cCI6IkpXVCJ9.eyJ1c2VyX2lkIjoiNjA2ZWIzMzhiMzJhNGEzNDdjYTNlMDZjIiwiaWF0IjoxNjE3ODc0OTAyfQ.vzVtdwj4MQdKw-KFu0qPu7U3nfulPnxW-ECaGXIG-OQ"},"status":{"errorCode":"SUCCESS"}}
[2021-04-08T15:12:19.656] [FATAL] cheese - /Users/Login
[2021-04-08T15:12:19.656] [FATAL] cheese - {}
[2021-04-08T15:12:19.657] [FATAL] cheese - {}
[2021-04-08T15:12:19.661] [FATAL] cheese - /Users/Login
[2021-04-08T15:12:19.661] [FATAL] cheese - {"data":{"email":"sam1@gmail.com","password":"password"}}
[2021-04-08T15:12:19.922] [FATAL] cheese - {"data":{"access_token":"eyJhbGciOiJIUzI1NiIsInR5cCI6IkpXVCJ9.eyJ1c2VyX2lkIjoiNjA2ZWIzMzhiMzJhNGEzNDdjYTNlMDZjIiwiaWF0IjoxNjE3ODc0OTM5fQ.pMe4MgyReOAIX5pFox-iqUth3KyfARgxwD6RGAEVSZk"},"status":{"errorCode":"SUCCESS"}}
[2021-04-08T15:21:01.502] [FATAL] cheese - /Users/Register
[2021-04-08T15:21:01.502] [FATAL] cheese - {}
[2021-04-08T15:21:01.502] [FATAL] cheese - {}
[2021-04-08T15:21:01.508] [FATAL] cheese - /Users/Register
[2021-04-08T15:21:01.509] [FATAL] cheese - {"data":{"email":"sas@gmail.com","password":"password","name":"sam"}}
[2021-04-08T15:21:02.592] [FATAL] cheese - {"data":{"message":"User registered. Please login"},"status":{"errorCode":"SUCCESS"}}
[2021-04-08T15:22:53.515] [FATAL] cheese - /Users/Register
[2021-04-08T15:22:53.515] [FATAL] cheese - {}
[2021-04-08T15:22:53.515] [FATAL] cheese - {}
[2021-04-08T15:22:53.522] [FATAL] cheese - /Users/Register
[2021-04-08T15:22:53.522] [FATAL] cheese - {"data":{"email":"samr@gmail.com","password":"ssss","name":"sasas"}}
[2021-04-08T15:22:54.044] [FATAL] cheese - {"data":{"message":"User registered. Please login"},"status":{"errorCode":"SUCCESS"}}
[2021-04-08T15:23:14.415] [FATAL] cheese - /Users/Register
[2021-04-08T15:23:14.415] [FATAL] cheese - {}
[2021-04-08T15:23:14.415] [FATAL] cheese - {}
[2021-04-08T15:23:14.421] [FATAL] cheese - /Users/Register
[2021-04-08T15:23:14.421] [FATAL] cheese - {"data":{"email":"go@gmail.com","password":"go","name":"go"}}
[2021-04-08T15:23:14.943] [FATAL] cheese - {"data":{"message":"User registered. Please login"},"status":{"errorCode":"SUCCESS"}}
[2021-04-08T15:23:29.973] [FATAL] cheese - /Users/Login
[2021-04-08T15:23:29.973] [FATAL] cheese - {}
[2021-04-08T15:23:29.973] [FATAL] cheese - {}
[2021-04-08T15:23:29.978] [FATAL] cheese - /Users/Login
[2021-04-08T15:23:29.978] [FATAL] cheese - {"data":{"email":"go@gmail.com","password":"go"}}
[2021-04-08T15:23:30.243] [FATAL] cheese - {"data":{"access_token":"eyJhbGciOiJIUzI1NiIsInR5cCI6IkpXVCJ9.eyJ1c2VyX2lkIjoiNjA2ZWQyOGE1MmI1M2Q0YTE4MjY1OTkyIiwiaWF0IjoxNjE3ODc1NjEwfQ.m9mztbqyvWuqYR8amlWX3X89Ynjd1iGhiKAdJ09Ffak"},"status":{"errorCode":"SUCCESS"}}
[2021-04-08T15:31:35.967] [FATAL] cheese - /Users/GetBlog/1.0.0
[2021-04-08T15:31:35.967] [FATAL] cheese - {"data":{"email":"sam1@gmail.com","name":"name","password":"password"}}
[2021-04-08T15:31:35.968] [FATAL] cheese - {"error":{"message":"Not found"}}
[2021-04-08T15:32:27.077] [FATAL] cheese - /Blogs/GetBlog/1.0.0
[2021-04-08T15:32:27.077] [FATAL] cheese - {"data":{"title":"it is first blog","description":"it is first blog description"}}
[2021-04-08T15:32:27.094] [FATAL] cheese - {"data":{},"status":{"errorCode":"access_denied"}}
[2021-04-08T15:32:38.070] [FATAL] cheese - /Blogs/GetBlog/1.0.0
[2021-04-08T15:32:38.070] [FATAL] cheese - {}
[2021-04-08T15:32:38.338] [FATAL] cheese - {"data":{"blogs":[{"title":"it is first blog","description":"it is first blog description","created_at":"2021-04-08T08:01:43.996Z","bloger":"my name name"},{"title":"it is first blog","description":"it is first blog description","created_at":"2021-04-08T08:02:08.850Z","bloger":"my name name"},{"title":"it is first blog","description":"it is first blog description","created_at":"2021-04-08T08:02:48.129Z","bloger":"my name name"},{"title":"it is first blog","description":"it is first blog description","created_at":"2021-04-08T08:03:50.311Z","bloger":"my name name"}]},"status":{"errorCode":"SUCCESS"}}
[2021-04-08T15:35:52.367] [FATAL] cheese - /Users/Login
[2021-04-08T15:35:52.367] [FATAL] cheese - {}
[2021-04-08T15:35:52.368] [FATAL] cheese - {}
[2021-04-08T15:35:52.373] [FATAL] cheese - /Users/Login
[2021-04-08T15:35:52.373] [FATAL] cheese - {"data":{"email":"sam@gmail.com","password":"sam"}}
[2021-04-08T15:35:53.142] [FATAL] cheese - {"data":{},"status":{"errorCode":"FAILED"}}
[2021-04-08T15:35:55.400] [FATAL] cheese - /Users/Login
[2021-04-08T15:35:55.400] [FATAL] cheese - {"data":{"email":"sam@gmail.com","password":"sam"}}
[2021-04-08T15:35:55.661] [FATAL] cheese - {"data":{},"status":{"errorCode":"FAILED"}}
[2021-04-08T15:36:08.378] [FATAL] cheese - /Users/Login
[2021-04-08T15:36:08.378] [FATAL] cheese - {}
[2021-04-08T15:36:08.378] [FATAL] cheese - {}
[2021-04-08T15:36:08.385] [FATAL] cheese - /Users/Login
[2021-04-08T15:36:08.385] [FATAL] cheese - {"data":{"email":"go@gmail.com","password":"go"}}
[2021-04-08T15:36:08.648] [FATAL] cheese - {"data":{"access_token":"eyJhbGciOiJIUzI1NiIsInR5cCI6IkpXVCJ9.eyJ1c2VyX2lkIjoiNjA2ZWQyOGE1MmI1M2Q0YTE4MjY1OTkyIiwiaWF0IjoxNjE3ODc2MzY4fQ.2YWzqs_IkMHFssUhETsOdIgJNugqhVDJwjiuqnqH4vo"},"status":{"errorCode":"SUCCESS"}}
[2021-04-08T15:36:08.694] [FATAL] cheese - /Blogs/GetBlog/1.0.0
[2021-04-08T15:36:08.694] [FATAL] cheese - {}
[2021-04-08T15:36:08.695] [FATAL] cheese - {}
[2021-04-08T15:36:08.702] [FATAL] cheese - /Blogs/GetBlog/1.0.0
[2021-04-08T15:36:08.702] [FATAL] cheese - {}
[2021-04-08T15:36:08.969] [FATAL] cheese - 
[2021-04-08T15:36:38.446] [FATAL] cheese - /Blogs/GetBlog/1.0.0
[2021-04-08T15:36:38.447] [FATAL] cheese - {}
[2021-04-08T15:36:38.447] [FATAL] cheese - {}
[2021-04-08T15:36:38.454] [FATAL] cheese - /Blogs/GetBlog/1.0.0
[2021-04-08T15:36:38.454] [FATAL] cheese - {}
[2021-04-08T15:36:38.455] [FATAL] cheese - {"data":{},"status":{"errorCode":"access_denied"}}
[2021-04-08T15:36:44.576] [FATAL] cheese - /Blogs/GetBlog/1.0.0
[2021-04-08T15:36:44.576] [FATAL] cheese - {}
[2021-04-08T15:36:44.577] [FATAL] cheese - {}
[2021-04-08T15:36:44.585] [FATAL] cheese - /Blogs/GetBlog/1.0.0
[2021-04-08T15:36:44.585] [FATAL] cheese - {}
[2021-04-08T15:36:44.586] [FATAL] cheese - 
[2021-04-08T15:37:03.305] [FATAL] cheese - /Users/Login
[2021-04-08T15:37:03.305] [FATAL] cheese - {}
[2021-04-08T15:37:03.305] [FATAL] cheese - {}
[2021-04-08T15:37:03.310] [FATAL] cheese - /Users/Login
[2021-04-08T15:37:03.311] [FATAL] cheese - {"data":{"email":"go@gmail.com","password":"go"}}
[2021-04-08T15:37:03.571] [FATAL] cheese - {"data":{"access_token":"eyJhbGciOiJIUzI1NiIsInR5cCI6IkpXVCJ9.eyJ1c2VyX2lkIjoiNjA2ZWQyOGE1MmI1M2Q0YTE4MjY1OTkyIiwiaWF0IjoxNjE3ODc2NDIzfQ.luyw_Jw0DJHZNAQndYJ9Xmq3JxWQcjO6MwOWAMCUYUI"},"status":{"errorCode":"SUCCESS"}}
[2021-04-08T15:37:03.616] [FATAL] cheese - /Blogs/GetBlog/1.0.0
[2021-04-08T15:37:03.616] [FATAL] cheese - {}
[2021-04-08T15:37:03.616] [FATAL] cheese - {}
[2021-04-08T15:37:03.622] [FATAL] cheese - /Blogs/GetBlog/1.0.0
[2021-04-08T15:37:03.622] [FATAL] cheese - {}
[2021-04-08T15:37:03.899] [FATAL] cheese - {"data":{"blogs":[{"title":"it is first blog","description":"it is first blog description","created_at":"2021-04-08T08:01:43.996Z","bloger":"my name name"},{"title":"it is first blog","description":"it is first blog description","created_at":"2021-04-08T08:02:08.850Z","bloger":"my name name"},{"title":"it is first blog","description":"it is first blog description","created_at":"2021-04-08T08:02:48.129Z","bloger":"my name name"},{"title":"it is first blog","description":"it is first blog description","created_at":"2021-04-08T08:03:50.311Z","bloger":"my name name"}]},"status":{"errorCode":"SUCCESS"}}
[2021-04-08T15:37:25.853] [FATAL] cheese - /Blogs/GetBlog/1.0.0
[2021-04-08T15:37:25.853] [FATAL] cheese - {}
[2021-04-08T15:37:25.853] [FATAL] cheese - {}
[2021-04-08T15:37:25.865] [FATAL] cheese - /Blogs/GetBlog/1.0.0
[2021-04-08T15:37:25.865] [FATAL] cheese - {}
[2021-04-08T15:37:25.866] [FATAL] cheese - {"data":{},"status":{"errorCode":"access_denied"}}
[2021-04-08T15:37:35.990] [FATAL] cheese - /Blogs/GetBlog/1.0.0
[2021-04-08T15:37:35.990] [FATAL] cheese - {}
[2021-04-08T15:37:35.990] [FATAL] cheese - {}
[2021-04-08T15:37:36.006] [FATAL] cheese - /Blogs/GetBlog/1.0.0
[2021-04-08T15:37:36.006] [FATAL] cheese - {}
[2021-04-08T15:37:36.007] [FATAL] cheese - 
[2021-04-08T15:37:39.569] [FATAL] cheese - /Blogs/GetBlog/1.0.0
[2021-04-08T15:37:39.569] [FATAL] cheese - {}
[2021-04-08T15:37:39.571] [FATAL] cheese - 
[2021-04-08T15:38:45.437] [FATAL] cheese - /Users/Login
[2021-04-08T15:38:45.437] [FATAL] cheese - {}
[2021-04-08T15:38:45.438] [FATAL] cheese - {}
[2021-04-08T15:38:45.445] [FATAL] cheese - /Users/Login
[2021-04-08T15:38:45.445] [FATAL] cheese - {"data":{"email":"go@gmail.com","password":"go"}}
[2021-04-08T15:38:45.706] [FATAL] cheese - {"data":{"access_token":"eyJhbGciOiJIUzI1NiIsInR5cCI6IkpXVCJ9.eyJ1c2VyX2lkIjoiNjA2ZWQyOGE1MmI1M2Q0YTE4MjY1OTkyIiwiaWF0IjoxNjE3ODc2NTI1fQ.fBkl44e36eDbhaKIkW8iTurqnmDVjHwzDB382sZ0kcU"},"status":{"errorCode":"SUCCESS"}}
[2021-04-08T15:38:45.762] [FATAL] cheese - /Blogs/GetBlog/1.0.0
[2021-04-08T15:38:45.763] [FATAL] cheese - {}
[2021-04-08T15:38:45.763] [FATAL] cheese - {}
[2021-04-08T15:38:45.769] [FATAL] cheese - /Blogs/GetBlog/1.0.0
[2021-04-08T15:38:45.769] [FATAL] cheese - {}
[2021-04-08T15:38:46.068] [FATAL] cheese - {"data":{"blogs":[{"title":"it is first blog","description":"it is first blog description","created_at":"2021-04-08T08:01:43.996Z","bloger":"my name name"},{"title":"it is first blog","description":"it is first blog description","created_at":"2021-04-08T08:02:08.850Z","bloger":"my name name"},{"title":"it is first blog","description":"it is first blog description","created_at":"2021-04-08T08:02:48.129Z","bloger":"my name name"},{"title":"it is first blog","description":"it is first blog description","created_at":"2021-04-08T08:03:50.311Z","bloger":"my name name"}]},"status":{"errorCode":"SUCCESS"}}
[2021-04-08T15:41:45.420] [FATAL] cheese - /Users/Login
[2021-04-08T15:41:45.421] [FATAL] cheese - {}
[2021-04-08T15:41:45.421] [FATAL] cheese - {}
[2021-04-08T15:41:45.426] [FATAL] cheese - /Users/Login
[2021-04-08T15:41:45.427] [FATAL] cheese - {"data":{"email":"go@gmail.com","password":"go"}}
[2021-04-08T15:41:45.698] [FATAL] cheese - {"data":{"access_token":"eyJhbGciOiJIUzI1NiIsInR5cCI6IkpXVCJ9.eyJ1c2VyX2lkIjoiNjA2ZWQyOGE1MmI1M2Q0YTE4MjY1OTkyIiwiaWF0IjoxNjE3ODc2NzA1fQ.PCk5Y4DEHlEzSly-05jtP70llFjmlBDRG6uB6L8RGw4"},"status":{"errorCode":"SUCCESS"}}
[2021-04-08T15:41:45.746] [FATAL] cheese - /Blogs/GetBlog/1.0.0
[2021-04-08T15:41:45.746] [FATAL] cheese - {}
[2021-04-08T15:41:45.747] [FATAL] cheese - {}
[2021-04-08T15:41:45.756] [FATAL] cheese - /Blogs/GetBlog/1.0.0
[2021-04-08T15:41:45.756] [FATAL] cheese - {}
[2021-04-08T15:41:46.026] [FATAL] cheese - 
[2021-04-08T15:46:25.941] [FATAL] cheese - /Users/Login
[2021-04-08T15:46:25.942] [FATAL] cheese - {}
[2021-04-08T15:46:25.942] [FATAL] cheese - {}
[2021-04-08T15:46:25.948] [FATAL] cheese - /Users/Login
[2021-04-08T15:46:25.948] [FATAL] cheese - {"data":{"email":"sam1@gmail.com","password":"password"}}
[2021-04-08T15:46:26.212] [FATAL] cheese - {"data":{"access_token":"eyJhbGciOiJIUzI1NiIsInR5cCI6IkpXVCJ9.eyJ1c2VyX2lkIjoiNjA2ZWIzMzhiMzJhNGEzNDdjYTNlMDZjIiwiaWF0IjoxNjE3ODc2OTg2fQ.VJDKQuL7DAS9repyUShUZhGAR3xox2diCH4eA1UUAHs"},"status":{"errorCode":"SUCCESS"}}
[2021-04-08T15:46:29.338] [FATAL] cheese - /Users/Login
[2021-04-08T15:46:29.339] [FATAL] cheese - {"data":{"email":"sam1@gmail.com","password":"password"}}
[2021-04-08T15:46:29.606] [FATAL] cheese - {"data":{"access_token":"eyJhbGciOiJIUzI1NiIsInR5cCI6IkpXVCJ9.eyJ1c2VyX2lkIjoiNjA2ZWIzMzhiMzJhNGEzNDdjYTNlMDZjIiwiaWF0IjoxNjE3ODc2OTg5fQ.tPZVoGfugkUpQvK-irquHMw7BCSKSERpdj-R4JmJphU"},"status":{"errorCode":"SUCCESS"}}
[2021-04-08T15:47:03.126] [FATAL] cheese - /Users/Login
[2021-04-08T15:47:03.126] [FATAL] cheese - {}
[2021-04-08T15:47:03.126] [FATAL] cheese - {}
[2021-04-08T15:47:03.131] [FATAL] cheese - /Users/Login
[2021-04-08T15:47:03.131] [FATAL] cheese - {"data":{"email":"sam1@gmail.com","password":"password"}}
[2021-04-08T15:47:03.396] [FATAL] cheese - {"data":{"access_token":"eyJhbGciOiJIUzI1NiIsInR5cCI6IkpXVCJ9.eyJ1c2VyX2lkIjoiNjA2ZWIzMzhiMzJhNGEzNDdjYTNlMDZjIiwiaWF0IjoxNjE3ODc3MDIzfQ.yLrRu5Za6mRCEkVqfCMazuWyWThu-xbMn3H-4UX0ojU"},"status":{"errorCode":"SUCCESS"}}
[2021-04-08T15:47:04.456] [FATAL] cheese - /Users/Login
[2021-04-08T15:47:04.456] [FATAL] cheese - {"data":{"email":"sam1@gmail.com","password":"password"}}
[2021-04-08T15:47:04.748] [FATAL] cheese - {"data":{"access_token":"eyJhbGciOiJIUzI1NiIsInR5cCI6IkpXVCJ9.eyJ1c2VyX2lkIjoiNjA2ZWIzMzhiMzJhNGEzNDdjYTNlMDZjIiwiaWF0IjoxNjE3ODc3MDI0fQ.VUdp0AuzLpRvqbtupLWxM4RDgnw24WmtQaQfc4tk6tM"},"status":{"errorCode":"SUCCESS"}}
[2021-04-08T15:47:28.793] [FATAL] cheese - /Users/Login
[2021-04-08T15:47:28.793] [FATAL] cheese - {}
[2021-04-08T15:47:28.793] [FATAL] cheese - {}
[2021-04-08T15:47:28.798] [FATAL] cheese - /Users/Login
[2021-04-08T15:47:28.799] [FATAL] cheese - {"data":{"email":"sam1@gmail.com","password":"password"}}
[2021-04-08T15:47:29.084] [FATAL] cheese - {"data":{"access_token":"eyJhbGciOiJIUzI1NiIsInR5cCI6IkpXVCJ9.eyJ1c2VyX2lkIjoiNjA2ZWIzMzhiMzJhNGEzNDdjYTNlMDZjIiwiaWF0IjoxNjE3ODc3MDQ5fQ.MOcYYyV_64fDnn5yc8jlXr5NIVyMtE5jln8SDwcxmps"},"status":{"errorCode":"SUCCESS"}}
[2021-04-08T15:47:45.696] [FATAL] cheese - /Users/Login
[2021-04-08T15:47:45.696] [FATAL] cheese - {}
[2021-04-08T15:47:45.697] [FATAL] cheese - {}
[2021-04-08T15:47:45.703] [FATAL] cheese - /Users/Login
[2021-04-08T15:47:45.703] [FATAL] cheese - {"data":{"email":"sam1@gmail.com","password":"password"}}
[2021-04-08T15:47:45.968] [FATAL] cheese - {"data":{"access_token":"eyJhbGciOiJIUzI1NiIsInR5cCI6IkpXVCJ9.eyJ1c2VyX2lkIjoiNjA2ZWIzMzhiMzJhNGEzNDdjYTNlMDZjIiwiaWF0IjoxNjE3ODc3MDY1fQ.eo_JYqPvGPALnfl9XX5N-kBE1XipEdpw7Vjl3PW1XNM"},"status":{"errorCode":"SUCCESS"}}
[2021-04-08T15:47:46.011] [FATAL] cheese - /Blogs/GetBlog/1.0.0
[2021-04-08T15:47:46.011] [FATAL] cheese - {}
[2021-04-08T15:47:46.011] [FATAL] cheese - {}
[2021-04-08T15:47:46.021] [FATAL] cheese - /Blogs/GetBlog/1.0.0
[2021-04-08T15:47:46.021] [FATAL] cheese - {}
[2021-04-08T15:47:46.295] [FATAL] cheese - 
[2021-04-08T15:54:12.658] [FATAL] cheese - /Users/Login
[2021-04-08T15:54:12.658] [FATAL] cheese - {}
[2021-04-08T15:54:12.658] [FATAL] cheese - {}
[2021-04-08T15:54:12.665] [FATAL] cheese - /Users/Login
[2021-04-08T15:54:12.665] [FATAL] cheese - {"data":{"email":"go@gmail.com","password":"go"}}
[2021-04-08T15:54:12.955] [FATAL] cheese - {"data":{"access_token":"eyJhbGciOiJIUzI1NiIsInR5cCI6IkpXVCJ9.eyJ1c2VyX2lkIjoiNjA2ZWQyOGE1MmI1M2Q0YTE4MjY1OTkyIiwiaWF0IjoxNjE3ODc3NDUyfQ.XjtWPNp4W2DmYkWA6Cyr1GBwcaTPwQa8bxli9rO3lXU"},"status":{"errorCode":"SUCCESS"}}
[2021-04-08T15:54:13.006] [FATAL] cheese - /Blogs/GetBlog/1.0.0
[2021-04-08T15:54:13.006] [FATAL] cheese - {}
[2021-04-08T15:54:13.006] [FATAL] cheese - {}
[2021-04-08T15:54:13.017] [FATAL] cheese - /Blogs/GetBlog/1.0.0
[2021-04-08T15:54:13.017] [FATAL] cheese - {}
[2021-04-08T15:54:13.280] [FATAL] cheese - 
[2021-04-08T15:54:33.522] [FATAL] cheese - /Users/Login
[2021-04-08T15:54:33.522] [FATAL] cheese - {}
[2021-04-08T15:54:33.523] [FATAL] cheese - {}
[2021-04-08T15:54:33.530] [FATAL] cheese - /Users/Login
[2021-04-08T15:54:33.530] [FATAL] cheese - {"data":{"email":"go@gmail.com","password":"go"}}
[2021-04-08T15:54:33.791] [FATAL] cheese - {"data":{"access_token":"eyJhbGciOiJIUzI1NiIsInR5cCI6IkpXVCJ9.eyJ1c2VyX2lkIjoiNjA2ZWQyOGE1MmI1M2Q0YTE4MjY1OTkyIiwiaWF0IjoxNjE3ODc3NDczfQ.iZzAabv7Jxcxu6Zzq1dVrvVBZq88pg0VRFv9-kOPfR8"},"status":{"errorCode":"SUCCESS"}}
[2021-04-08T15:54:33.823] [FATAL] cheese - /Blogs/GetBlog/1.0.0
[2021-04-08T15:54:33.823] [FATAL] cheese - {}
[2021-04-08T15:54:33.823] [FATAL] cheese - {}
[2021-04-08T15:54:33.832] [FATAL] cheese - /Blogs/GetBlog/1.0.0
[2021-04-08T15:54:33.832] [FATAL] cheese - {}
[2021-04-08T15:54:34.101] [FATAL] cheese - 
[2021-04-08T15:54:56.347] [FATAL] cheese - /Users/Login
[2021-04-08T15:54:56.347] [FATAL] cheese - {}
[2021-04-08T15:54:56.348] [FATAL] cheese - {}
[2021-04-08T15:54:56.362] [FATAL] cheese - /Users/Login
[2021-04-08T15:54:56.362] [FATAL] cheese - {"data":{"email":"go@gmail.com","password":"go"}}
[2021-04-08T15:54:56.623] [FATAL] cheese - {"data":{"access_token":"eyJhbGciOiJIUzI1NiIsInR5cCI6IkpXVCJ9.eyJ1c2VyX2lkIjoiNjA2ZWQyOGE1MmI1M2Q0YTE4MjY1OTkyIiwiaWF0IjoxNjE3ODc3NDk2fQ.157wjQnDq28_uBYDUzdsttVoT54EZoan2YsE8cH9oWE"},"status":{"errorCode":"SUCCESS"}}
[2021-04-08T15:54:56.664] [FATAL] cheese - /Blogs/GetBlog/1.0.0
[2021-04-08T15:54:56.664] [FATAL] cheese - {}
[2021-04-08T15:54:56.665] [FATAL] cheese - {}
[2021-04-08T15:54:56.671] [FATAL] cheese - /Blogs/GetBlog/1.0.0
[2021-04-08T15:54:56.671] [FATAL] cheese - {}
[2021-04-08T15:54:56.941] [FATAL] cheese - 
[2021-04-08T15:55:25.898] [FATAL] cheese - /Users/Login
[2021-04-08T15:55:25.898] [FATAL] cheese - {}
[2021-04-08T15:55:25.898] [FATAL] cheese - {}
[2021-04-08T15:55:25.903] [FATAL] cheese - /Users/Login
[2021-04-08T15:55:25.903] [FATAL] cheese - {"data":{"email":"go@gmail.com","password":"go"}}
[2021-04-08T15:55:26.186] [FATAL] cheese - {"data":{"access_token":"eyJhbGciOiJIUzI1NiIsInR5cCI6IkpXVCJ9.eyJ1c2VyX2lkIjoiNjA2ZWQyOGE1MmI1M2Q0YTE4MjY1OTkyIiwiaWF0IjoxNjE3ODc3NTI2fQ.smt9HzIZjLn3algFMKl2RU1OnfCHcHZDl6Ey3BTeHKA"},"status":{"errorCode":"SUCCESS"}}
[2021-04-08T15:55:26.224] [FATAL] cheese - /Blogs/GetBlog/1.0.0
[2021-04-08T15:55:26.225] [FATAL] cheese - {}
[2021-04-08T15:55:26.226] [FATAL] cheese - {}
[2021-04-08T15:55:26.233] [FATAL] cheese - /Blogs/GetBlog/1.0.0
[2021-04-08T15:55:26.233] [FATAL] cheese - {}
[2021-04-08T15:55:26.497] [FATAL] cheese - 
[2021-04-08T15:55:51.556] [FATAL] cheese - /Users/Login
[2021-04-08T15:55:51.556] [FATAL] cheese - {}
[2021-04-08T15:55:51.557] [FATAL] cheese - {}
[2021-04-08T15:55:51.562] [FATAL] cheese - /Users/Login
[2021-04-08T15:55:51.563] [FATAL] cheese - {"data":{"email":"go@gmail.com","password":"go"}}
[2021-04-08T15:55:51.824] [FATAL] cheese - {"data":{"access_token":"eyJhbGciOiJIUzI1NiIsInR5cCI6IkpXVCJ9.eyJ1c2VyX2lkIjoiNjA2ZWQyOGE1MmI1M2Q0YTE4MjY1OTkyIiwiaWF0IjoxNjE3ODc3NTUxfQ.5vGmuXtRC-ObPiDGKXhCRnNd1eLerrzmzmGFSwqkhBE"},"status":{"errorCode":"SUCCESS"}}
[2021-04-08T15:55:51.861] [FATAL] cheese - /Blogs/GetBlog/1.0.0
[2021-04-08T15:55:51.861] [FATAL] cheese - {}
[2021-04-08T15:55:51.862] [FATAL] cheese - {}
[2021-04-08T15:55:51.868] [FATAL] cheese - /Blogs/GetBlog/1.0.0
[2021-04-08T15:55:51.868] [FATAL] cheese - {}
[2021-04-08T15:55:52.133] [FATAL] cheese - 
[2021-04-08T15:56:21.070] [FATAL] cheese - /Users/Login
[2021-04-08T15:56:21.070] [FATAL] cheese - {}
[2021-04-08T15:56:21.070] [FATAL] cheese - {}
[2021-04-08T15:56:21.076] [FATAL] cheese - /Users/Login
[2021-04-08T15:56:21.076] [FATAL] cheese - {"data":{"email":"go@gmail.com","password":"go"}}
[2021-04-08T15:56:21.342] [FATAL] cheese - {"data":{"access_token":"eyJhbGciOiJIUzI1NiIsInR5cCI6IkpXVCJ9.eyJ1c2VyX2lkIjoiNjA2ZWQyOGE1MmI1M2Q0YTE4MjY1OTkyIiwiaWF0IjoxNjE3ODc3NTgxfQ.y6kXRWyehVFUU7FCw_IC8b7L1EO65jiDaqofdfS3ego"},"status":{"errorCode":"SUCCESS"}}
[2021-04-08T15:56:21.376] [FATAL] cheese - /Blogs/GetBlog/1.0.0
[2021-04-08T15:56:21.377] [FATAL] cheese - {}
[2021-04-08T15:56:21.377] [FATAL] cheese - {}
[2021-04-08T15:56:21.383] [FATAL] cheese - /Blogs/GetBlog/1.0.0
[2021-04-08T15:56:21.383] [FATAL] cheese - {}
[2021-04-08T15:56:21.647] [FATAL] cheese - 
[2021-04-08T15:56:58.980] [FATAL] cheese - /Users/Login
[2021-04-08T15:56:58.980] [FATAL] cheese - {}
[2021-04-08T15:56:58.981] [FATAL] cheese - {}
[2021-04-08T15:56:58.985] [FATAL] cheese - /Users/Login
[2021-04-08T15:56:58.985] [FATAL] cheese - {"data":{"email":"go@gmail.com","password":"go"}}
[2021-04-08T15:56:59.246] [FATAL] cheese - {"data":{"access_token":"eyJhbGciOiJIUzI1NiIsInR5cCI6IkpXVCJ9.eyJ1c2VyX2lkIjoiNjA2ZWQyOGE1MmI1M2Q0YTE4MjY1OTkyIiwiaWF0IjoxNjE3ODc3NjE5fQ.vpVV4xix1iE2OI5U1KjgxGfHoFN_Djos-uE_pjydEv8"},"status":{"errorCode":"SUCCESS"}}
[2021-04-08T15:56:59.281] [FATAL] cheese - /Blogs/GetBlog/1.0.0
[2021-04-08T15:56:59.281] [FATAL] cheese - {}
[2021-04-08T15:56:59.281] [FATAL] cheese - {}
[2021-04-08T15:56:59.287] [FATAL] cheese - /Blogs/GetBlog/1.0.0
[2021-04-08T15:56:59.287] [FATAL] cheese - {}
[2021-04-08T15:56:59.552] [FATAL] cheese - 
[2021-04-08T15:57:27.029] [FATAL] cheese - /Users/Login
[2021-04-08T15:57:27.030] [FATAL] cheese - {}
[2021-04-08T15:57:27.030] [FATAL] cheese - {}
[2021-04-08T15:57:27.035] [FATAL] cheese - /Users/Login
[2021-04-08T15:57:27.035] [FATAL] cheese - {"data":{"email":"go@gmail.com","password":"go"}}
[2021-04-08T15:57:27.297] [FATAL] cheese - {"data":{"access_token":"eyJhbGciOiJIUzI1NiIsInR5cCI6IkpXVCJ9.eyJ1c2VyX2lkIjoiNjA2ZWQyOGE1MmI1M2Q0YTE4MjY1OTkyIiwiaWF0IjoxNjE3ODc3NjQ3fQ.dFd7qa59ihtOkNkqyYaf7_YbTcZkoKLvndov9ucgJNM"},"status":{"errorCode":"SUCCESS"}}
[2021-04-08T15:57:27.336] [FATAL] cheese - /Blogs/GetBlog/1.0.0
[2021-04-08T15:57:27.337] [FATAL] cheese - {}
[2021-04-08T15:57:27.338] [FATAL] cheese - {}
[2021-04-08T15:57:27.344] [FATAL] cheese - /Blogs/GetBlog/1.0.0
[2021-04-08T15:57:27.344] [FATAL] cheese - {}
[2021-04-08T15:57:27.607] [FATAL] cheese - 
[2021-04-08T15:57:46.814] [FATAL] cheese - /Users/Login
[2021-04-08T15:57:46.814] [FATAL] cheese - {}
[2021-04-08T15:57:46.814] [FATAL] cheese - {}
[2021-04-08T15:57:46.819] [FATAL] cheese - /Users/Login
[2021-04-08T15:57:46.819] [FATAL] cheese - {"data":{"email":"go@gmail.com","password":"go"}}
[2021-04-08T15:57:47.079] [FATAL] cheese - {"data":{"access_token":"eyJhbGciOiJIUzI1NiIsInR5cCI6IkpXVCJ9.eyJ1c2VyX2lkIjoiNjA2ZWQyOGE1MmI1M2Q0YTE4MjY1OTkyIiwiaWF0IjoxNjE3ODc3NjY3fQ.aZVqcnDF5m8wveRjMCgHPf6BSSJ_lbENVb34Hy98u74"},"status":{"errorCode":"SUCCESS"}}
[2021-04-08T15:57:47.127] [FATAL] cheese - /Blogs/GetBlog/1.0.0
[2021-04-08T15:57:47.127] [FATAL] cheese - {}
[2021-04-08T15:57:47.127] [FATAL] cheese - {}
[2021-04-08T15:57:47.133] [FATAL] cheese - /Blogs/GetBlog/1.0.0
[2021-04-08T15:57:47.133] [FATAL] cheese - {}
[2021-04-08T15:57:47.401] [FATAL] cheese - 
[2021-04-08T16:03:47.709] [FATAL] cheese - /Users/Login
[2021-04-08T16:03:47.709] [FATAL] cheese - {}
[2021-04-08T16:03:47.710] [FATAL] cheese - {}
[2021-04-08T16:03:47.714] [FATAL] cheese - /Users/Login
[2021-04-08T16:03:47.715] [FATAL] cheese - {"data":{"email":"go@gmail.com","password":"go"}}
[2021-04-08T16:03:47.976] [FATAL] cheese - {"data":{"access_token":"eyJhbGciOiJIUzI1NiIsInR5cCI6IkpXVCJ9.eyJ1c2VyX2lkIjoiNjA2ZWQyOGE1MmI1M2Q0YTE4MjY1OTkyIiwiaWF0IjoxNjE3ODc4MDI3fQ.Abxec-U1NCOtWKQSf7VIIr6D0AQeqmHcm9yD-szxWdM"},"status":{"errorCode":"SUCCESS"}}
[2021-04-08T16:03:48.014] [FATAL] cheese - /Blogs/GetBlog/1.0.0
[2021-04-08T16:03:48.015] [FATAL] cheese - {}
[2021-04-08T16:03:48.015] [FATAL] cheese - {}
[2021-04-08T16:03:48.023] [FATAL] cheese - /Blogs/GetBlog/1.0.0
[2021-04-08T16:03:48.023] [FATAL] cheese - {}
[2021-04-08T16:03:48.287] [FATAL] cheese - 
[2021-04-08T16:03:56.740] [FATAL] cheese - /Blogs/AddBlog/1.0.0
[2021-04-08T16:03:56.740] [FATAL] cheese - {}
[2021-04-08T16:03:56.741] [FATAL] cheese - {}
[2021-04-08T16:03:56.745] [FATAL] cheese - /Blogs/AddBlog/1.0.0
[2021-04-08T16:03:56.745] [FATAL] cheese - {"data":{"title":"aaaa","description":"aaaaa"}}
[2021-04-08T16:03:57.028] [FATAL] cheese - {"data":{},"status":{"errorCode":"SUCCESS"}}
[2021-04-08T16:03:57.036] [FATAL] cheese - /Blogs/GetBlog/1.0.0
[2021-04-08T16:03:57.036] [FATAL] cheese - {}
[2021-04-08T16:03:57.037] [FATAL] cheese - {}
[2021-04-08T16:03:57.043] [FATAL] cheese - /Blogs/GetBlog/1.0.0
[2021-04-08T16:03:57.043] [FATAL] cheese - {}
[2021-04-08T16:03:57.335] [FATAL] cheese - {"data":{"blogs":[{"title":"it is first blog","description":"it is first blog description","created_at":"2021-04-08T08:01:43.996Z","bloger":"my name name"},{"title":"it is first blog","description":"it is first blog description","created_at":"2021-04-08T08:02:08.850Z","bloger":"my name name"},{"title":"it is first blog","description":"it is first blog description","created_at":"2021-04-08T08:02:48.129Z","bloger":"my name name"},{"title":"it is first blog","description":"it is first blog description","created_at":"2021-04-08T08:03:50.311Z","bloger":"my name name"},{"title":"aaaa","description":"aaaaa","created_at":"2021-04-08T10:33:56.756Z","bloger":"go"}]},"status":{"errorCode":"SUCCESS"}}
[2021-04-08T16:04:29.454] [FATAL] cheese - /Users/Login
[2021-04-08T16:04:29.454] [FATAL] cheese - {}
[2021-04-08T16:04:29.454] [FATAL] cheese - {}
[2021-04-08T16:04:29.459] [FATAL] cheese - /Users/Login
[2021-04-08T16:04:29.459] [FATAL] cheese - {"data":{"email":"go@gmail.com","password":"go0"}}
[2021-04-08T16:04:29.727] [FATAL] cheese - {"data":{},"status":{"errorCode":"FAILED"}}
[2021-04-08T16:04:33.223] [FATAL] cheese - /Users/Login
[2021-04-08T16:04:33.223] [FATAL] cheese - {"data":{"email":"go@gmail.com","password":"go"}}
[2021-04-08T16:04:33.485] [FATAL] cheese - {"data":{"access_token":"eyJhbGciOiJIUzI1NiIsInR5cCI6IkpXVCJ9.eyJ1c2VyX2lkIjoiNjA2ZWQyOGE1MmI1M2Q0YTE4MjY1OTkyIiwiaWF0IjoxNjE3ODc4MDczfQ.ETKxOiTdYvVPBPFUocXTyWDDfub5qz1gP9dnzBs-f2Q"},"status":{"errorCode":"SUCCESS"}}
[2021-04-08T16:04:33.539] [FATAL] cheese - /Blogs/GetBlog/1.0.0
[2021-04-08T16:04:33.539] [FATAL] cheese - {}
[2021-04-08T16:04:33.540] [FATAL] cheese - {}
[2021-04-08T16:04:33.546] [FATAL] cheese - /Blogs/GetBlog/1.0.0
[2021-04-08T16:04:33.546] [FATAL] cheese - {}
[2021-04-08T16:04:33.815] [FATAL] cheese - 
[2021-04-08T16:04:43.949] [FATAL] cheese - /Blogs/AddBlog/1.0.0
[2021-04-08T16:04:43.949] [FATAL] cheese - {}
[2021-04-08T16:04:43.950] [FATAL] cheese - {}
[2021-04-08T16:04:43.955] [FATAL] cheese - /Blogs/AddBlog/1.0.0
[2021-04-08T16:04:43.955] [FATAL] cheese - {"data":{"title":"hi","description":"hi"}}
[2021-04-08T16:04:44.224] [FATAL] cheese - {"data":{},"status":{"errorCode":"SUCCESS"}}
[2021-04-08T16:04:44.232] [FATAL] cheese - /Blogs/GetBlog/1.0.0
[2021-04-08T16:04:44.232] [FATAL] cheese - {}
[2021-04-08T16:04:44.233] [FATAL] cheese - {}
[2021-04-08T16:04:44.238] [FATAL] cheese - /Blogs/GetBlog/1.0.0
[2021-04-08T16:04:44.238] [FATAL] cheese - {}
[2021-04-08T16:04:44.528] [FATAL] cheese - {"data":{"blogs":[{"title":"it is first blog","description":"it is first blog description","created_at":"2021-04-08T08:01:43.996Z","bloger":"my name name"},{"title":"it is first blog","description":"it is first blog description","created_at":"2021-04-08T08:02:08.850Z","bloger":"my name name"},{"title":"it is first blog","description":"it is first blog description","created_at":"2021-04-08T08:02:48.129Z","bloger":"my name name"},{"title":"it is first blog","description":"it is first blog description","created_at":"2021-04-08T08:03:50.311Z","bloger":"my name name"},{"title":"aaaa","description":"aaaaa","created_at":"2021-04-08T10:33:56.756Z","bloger":"go"},{"title":"hi","description":"hi","created_at":"2021-04-08T10:34:43.957Z","bloger":"go"}]},"status":{"errorCode":"SUCCESS"}}
[2021-04-08T16:06:18.967] [FATAL] cheese - /Users/Login
[2021-04-08T16:06:18.968] [FATAL] cheese - {}
[2021-04-08T16:06:18.968] [FATAL] cheese - {}
[2021-04-08T16:06:18.972] [FATAL] cheese - /Users/Login
[2021-04-08T16:06:18.972] [FATAL] cheese - {"data":{"email":"go@gmail.com","password":"go"}}
[2021-04-08T16:06:19.233] [FATAL] cheese - {"data":{"access_token":"eyJhbGciOiJIUzI1NiIsInR5cCI6IkpXVCJ9.eyJ1c2VyX2lkIjoiNjA2ZWQyOGE1MmI1M2Q0YTE4MjY1OTkyIiwiaWF0IjoxNjE3ODc4MTc5fQ.8_Oa8uOzaI8dkWN8tDxyCXOiCfb1ToipJ0hhbs1KocU"},"status":{"errorCode":"SUCCESS"}}
[2021-04-08T16:06:19.272] [FATAL] cheese - /Blogs/GetBlog/1.0.0
[2021-04-08T16:06:19.272] [FATAL] cheese - {}
[2021-04-08T16:06:19.273] [FATAL] cheese - {}
[2021-04-08T16:06:19.281] [FATAL] cheese - /Blogs/GetBlog/1.0.0
[2021-04-08T16:06:19.281] [FATAL] cheese - {}
[2021-04-08T16:06:19.564] [FATAL] cheese - 
[2021-04-08T16:06:42.109] [FATAL] cheese - /Blogs/AddBlog/1.0.0
[2021-04-08T16:06:42.109] [FATAL] cheese - {}
[2021-04-08T16:06:42.109] [FATAL] cheese - {}
[2021-04-08T16:06:42.116] [FATAL] cheese - /Blogs/AddBlog/1.0.0
[2021-04-08T16:06:42.116] [FATAL] cheese - {"data":{"title":"aaaa","description":"aaaaa"}}
[2021-04-08T16:06:42.383] [FATAL] cheese - {"data":{},"status":{"errorCode":"SUCCESS"}}
[2021-04-08T16:06:42.392] [FATAL] cheese - /Blogs/GetBlog/1.0.0
[2021-04-08T16:06:42.392] [FATAL] cheese - {}
[2021-04-08T16:06:42.393] [FATAL] cheese - {}
[2021-04-08T16:06:42.399] [FATAL] cheese - /Blogs/GetBlog/1.0.0
[2021-04-08T16:06:42.399] [FATAL] cheese - {}
[2021-04-08T16:06:42.665] [FATAL] cheese - {"data":{"blogs":[{"title":"it is first blog","description":"it is first blog description","created_at":"2021-04-08T08:01:43.996Z","bloger":"my name name"},{"title":"it is first blog","description":"it is first blog description","created_at":"2021-04-08T08:02:08.850Z","bloger":"my name name"},{"title":"it is first blog","description":"it is first blog description","created_at":"2021-04-08T08:02:48.129Z","bloger":"my name name"},{"title":"it is first blog","description":"it is first blog description","created_at":"2021-04-08T08:03:50.311Z","bloger":"my name name"},{"title":"aaaa","description":"aaaaa","created_at":"2021-04-08T10:33:56.756Z","bloger":"go"},{"title":"hi","description":"hi","created_at":"2021-04-08T10:34:43.957Z","bloger":"go"},{"title":"aaaa","description":"aaaaa","created_at":"2021-04-08T10:36:42.118Z","bloger":"go"}]},"status":{"errorCode":"SUCCESS"}}
[2021-04-08T16:07:12.124] [FATAL] cheese - /Users/Login
[2021-04-08T16:07:12.124] [FATAL] cheese - {}
[2021-04-08T16:07:12.124] [FATAL] cheese - {}
[2021-04-08T16:07:12.132] [FATAL] cheese - /Users/Login
[2021-04-08T16:07:12.132] [FATAL] cheese - {"data":{"email":"go@gmail.com","password":"go"}}
[2021-04-08T16:07:12.893] [FATAL] cheese - {"data":{"access_token":"eyJhbGciOiJIUzI1NiIsInR5cCI6IkpXVCJ9.eyJ1c2VyX2lkIjoiNjA2ZWQyOGE1MmI1M2Q0YTE4MjY1OTkyIiwiaWF0IjoxNjE3ODc4MjMyfQ.-WMWD6nmWQ3V9VduZVbcaO8dMbxXM-tZn1kDB46zRVA"},"status":{"errorCode":"SUCCESS"}}
[2021-04-08T16:07:12.930] [FATAL] cheese - /Blogs/GetBlog/1.0.0
[2021-04-08T16:07:12.931] [FATAL] cheese - {}
[2021-04-08T16:07:12.931] [FATAL] cheese - {}
[2021-04-08T16:07:12.937] [FATAL] cheese - /Blogs/GetBlog/1.0.0
[2021-04-08T16:07:12.937] [FATAL] cheese - {}
[2021-04-08T16:07:13.202] [FATAL] cheese - 
[2021-04-08T16:07:38.692] [FATAL] cheese - /Users/Register
[2021-04-08T16:07:38.692] [FATAL] cheese - {}
[2021-04-08T16:07:38.693] [FATAL] cheese - {}
[2021-04-08T16:07:38.697] [FATAL] cheese - /Users/Register
[2021-04-08T16:07:38.698] [FATAL] cheese - {"data":{"email":"saraganabavank@gmail.com","password":"sam","name":"Saraganabavan"}}
[2021-04-08T16:07:39.221] [FATAL] cheese - {"data":{"message":"User registered. Please login"},"status":{"errorCode":"SUCCESS"}}
[2021-04-08T16:07:50.709] [FATAL] cheese - /Users/Login
[2021-04-08T16:07:50.709] [FATAL] cheese - {}
[2021-04-08T16:07:50.709] [FATAL] cheese - {}
[2021-04-08T16:07:50.715] [FATAL] cheese - /Users/Login
[2021-04-08T16:07:50.715] [FATAL] cheese - {"data":{"email":"saraganabavank@gmail.com","password":"sam"}}
[2021-04-08T16:07:50.975] [FATAL] cheese - {"data":{"access_token":"eyJhbGciOiJIUzI1NiIsInR5cCI6IkpXVCJ9.eyJ1c2VyX2lkIjoiNjA2ZWRjZjI1MmI1M2Q0YTE4MjY1OTk2IiwiaWF0IjoxNjE3ODc4MjcwfQ.u3t0fVSw1pVzVH2Ki6G_yxhCSIDgWnIci8W5_wnMLxE"},"status":{"errorCode":"SUCCESS"}}
[2021-04-08T16:07:51.027] [FATAL] cheese - /Blogs/GetBlog/1.0.0
[2021-04-08T16:07:51.027] [FATAL] cheese - {}
[2021-04-08T16:07:51.028] [FATAL] cheese - {}
[2021-04-08T16:07:51.033] [FATAL] cheese - /Blogs/GetBlog/1.0.0
[2021-04-08T16:07:51.034] [FATAL] cheese - {}
[2021-04-08T16:07:52.966] [FATAL] cheese - 
[2021-04-08T16:08:02.861] [FATAL] cheese - /Blogs/AddBlog/1.0.0
[2021-04-08T16:08:02.862] [FATAL] cheese - {}
[2021-04-08T16:08:02.862] [FATAL] cheese - {}
[2021-04-08T16:08:02.868] [FATAL] cheese - /Blogs/AddBlog/1.0.0
[2021-04-08T16:08:02.868] [FATAL] cheese - {"data":{"title":"aaaa","description":"aaaa"}}
[2021-04-08T16:08:03.135] [FATAL] cheese - {"data":{},"status":{"errorCode":"SUCCESS"}}
[2021-04-08T16:08:03.143] [FATAL] cheese - /Blogs/GetBlog/1.0.0
[2021-04-08T16:08:03.144] [FATAL] cheese - {}
[2021-04-08T16:08:03.144] [FATAL] cheese - {}
[2021-04-08T16:08:03.150] [FATAL] cheese - /Blogs/GetBlog/1.0.0
[2021-04-08T16:08:03.150] [FATAL] cheese - {}
[2021-04-08T16:08:03.417] [FATAL] cheese - {"data":{"blogs":[{"title":"it is first blog","description":"it is first blog description","created_at":"2021-04-08T08:01:43.996Z","bloger":"my name name"},{"title":"it is first blog","description":"it is first blog description","created_at":"2021-04-08T08:02:08.850Z","bloger":"my name name"},{"title":"it is first blog","description":"it is first blog description","created_at":"2021-04-08T08:02:48.129Z","bloger":"my name name"},{"title":"it is first blog","description":"it is first blog description","created_at":"2021-04-08T08:03:50.311Z","bloger":"my name name"},{"title":"aaaa","description":"aaaaa","created_at":"2021-04-08T10:33:56.756Z","bloger":"go"},{"title":"hi","description":"hi","created_at":"2021-04-08T10:34:43.957Z","bloger":"go"},{"title":"aaaa","description":"aaaaa","created_at":"2021-04-08T10:36:42.118Z","bloger":"go"},{"title":"aaaa","description":"aaaa","created_at":"2021-04-08T10:38:02.870Z","bloger":"Saraganabavan"}]},"status":{"errorCode":"SUCCESS"}}
